<?xml version="1.0" encoding="UTF-8"?>
<testsuite name="com.howl.movingrestaurant.ExampleUnitTest" tests="1" skipped="0" failures="0" errors="0" timestamp="2019-11-25T01:27:10" hostname="Nadongjunui-MacBookPro.local" time="0.0">
  <properties/>
  <testcase name="addition_isCorrect" classname="com.howl.movingrestaurant.ExampleUnitTest" time="0.0"/>
  <system-out><![CDATA[]]></system-out>
  <system-err><![CDATA[]]></system-err>
</testsuite>
